<?xml version="1.0" encoding="UTF-8"?>
<testsuite xmlns:xsi="http://www.w3.org/2001/XMLSchema-instance" xsi:noNamespaceSchemaLocation="https://maven.apache.org/surefire/maven-surefire-plugin/xsd/surefire-test-report-3.0.xsd" version="3.0" name="MargheritaPizzaTest" time="0.01" tests="10" errors="0" skipped="0" failures="0">
  <properties>
[...]
</properties>
  <testcase name="testApplyDiscount" classname="MargheritaPizzaTest" time="0.001"/>
  <testcase name="testBasePrice" classname="MargheritaPizzaTest" time="0.001"/>
  <testcase name="testProcessPaymentWithSufficientAmount" classname="MargheritaPizzaTest" time="0.001"/>
  <testcase name="testPizzaCreation" classname="MargheritaPizzaTest" time="0.001"/>
  <testcase name="testPriceWithSize" classname="MargheritaPizzaTest" time="0.0"/>
  <testcase name="testCaloriesForDifferentSizes" classname="MargheritaPizzaTest" time="0.001"/>
  <testcase name="testPreparationTime" classname="MargheritaPizzaTest" time="0.0"/>
  <testcase name="testIsVegetarian" classname="MargheritaPizzaTest" time="0.001"/>
  <testcase name="testOrigin" classname="MargheritaPizzaTest" time="0.0"/>
  <testcase name="testDescription" classname="MargheritaPizzaTest" time="0.0"/>
</testsuite>